[19:00:34] INIT: ToxicModZz
[19:00:34] Get Frame Count...
[19:00:34] Getting vector3 result fixer func...
[19:00:34] Getting World Pointer...
[19:00:34] Getting Blip List...
[19:00:34] Getting active script thread...
[19:00:34] Getting Player List Pointer...
[19:00:34] Getting Global Pointer...
[19:00:35] Getting Event Hooks...
[19:00:35] Initializing natives...
[19:00:35] ToxicModZz ready!
[19:00:35] Hooking Loading Bypass
[19:00:35] Hooking pkP-^
[19:00:36] IP Grabber Sig...
[19:00:36] Luna Protection Loaded
[19:00:36] Impulse Protection Loaded
[19:00:36] Logger Loaded
[19:00:36] [Hooking] hooked IS_DLC_PRESSENT
[19:00:36] [Hooking] hooked JoinPattern
[19:00:36] [Hooking] hooked ErrorBypass
[19:00:36] [Hooking] hooked DenyDrops
[19:00:36] [Hooking] hooked Getlabel
[19:01:49] Hooking Loaded
[19:01:49] Hooked Impulse Kicks
[19:01:49] Discord Loaded Story Mode Detected
[19:01:51] DebugMap Loading...
[19:01:52] DebugMap Loaded
[19:01:52] ToxicModZz Loaded
[19:09:31] Cleaning up hooks
[19:09:31] ToxicModZz Unloaded.
